<?xml version="1.0" encoding="UTF-8"?>
<!-- Generated by org.testng.reporters.JUnitXMLReporter -->
<testsuite ignored="0" hostname="DESKTOP-K9EHMR9" failures="1" tests="1" name="Login" time="18.955" errors="0" timestamp="2021-06-14T15:34:27 IST">
  <testcase classname="TestCases.LoginTest" name="verifyLoginWithValidCred" time="4.654">
    <failure type="java.lang.AssertionError" message="expected [false] but found [true]">
      <![CDATA[java.lang.AssertionError: expected [false] but found [true]
at pages.LoginPage.verifySuccesfullLogin(LoginPage.java:36)
at TestCases.LoginTest.verifyLoginWithValidCred(LoginTest.java:32)
at java.base/java.util.ArrayList.forEach(ArrayList.java:1541)
... Removed 31 stack frames]]>
    </failure>
  </testcase> <!-- verifyLoginWithValidCred -->
</testsuite> <!-- Login -->
